c:\users\kenton\source\repos\helloworld\debug\vc142.pdb
c:\users\kenton\source\repos\helloworld\debug\vc142.idb
c:\users\kenton\source\repos\helloworld\debug\source.obj
c:\users\kenton\source\repos\helloworld\debug\helloworld.obj
c:\users\kenton\source\repos\helloworld\debug\variabledeclarations.obj
c:\users\kenton\source\repos\helloworld\debug\helloworld.ilk
c:\users\kenton\source\repos\helloworld\debug\helloworld.exe
c:\users\kenton\source\repos\helloworld\debug\helloworld.pdb
c:\users\kenton\source\repos\helloworld\debug\helloworld.tlog\cl.command.1.tlog
c:\users\kenton\source\repos\helloworld\debug\helloworld.tlog\cl.read.1.tlog
c:\users\kenton\source\repos\helloworld\debug\helloworld.tlog\cl.write.1.tlog
c:\users\kenton\source\repos\helloworld\debug\helloworld.tlog\link.28776-cvtres.read.1.tlog
c:\users\kenton\source\repos\helloworld\debug\helloworld.tlog\link.28776-cvtres.write.1.tlog
c:\users\kenton\source\repos\helloworld\debug\helloworld.tlog\link.28776-rc.read.1.tlog
c:\users\kenton\source\repos\helloworld\debug\helloworld.tlog\link.28776-rc.write.1.tlog
c:\users\kenton\source\repos\helloworld\debug\helloworld.tlog\link.28776.read.1.tlog
c:\users\kenton\source\repos\helloworld\debug\helloworld.tlog\link.28776.write.1.tlog
c:\users\kenton\source\repos\helloworld\debug\helloworld.tlog\link.command.1.tlog
c:\users\kenton\source\repos\helloworld\debug\helloworld.tlog\link.read.1.tlog
c:\users\kenton\source\repos\helloworld\debug\helloworld.tlog\link.write.1.tlog
